<?xml version="1.0" encoding="UTF-8"?>
<!-- Generated by org.testng.reporters.JUnitReportReporter -->
<testsuite hostname="Rupakshi" failures="0" tests="1" name="testCases.Assign04" time="11.517" errors="0" timestamp="2020-03-06T12:38:03 CST" skipped="0">
  <testcase classname="testCases.Assign04" name="ebay" time="11.517"/>
</testsuite> <!-- testCases.Assign04 -->
