<?xml version="1.0" encoding="UTF-8"?>
<!-- Generated by org.testng.reporters.JUnitReportReporter -->
<testsuite hostname="Rupakshi" failures="0" tests="1" name="testCases.Assign01" time="8.799" errors="0" timestamp="2020-03-10T02:04:39 CDT" skipped="0">
  <testcase classname="testCases.Assign01" name="valiation" time="8.799"/>
</testsuite> <!-- testCases.Assign01 -->
