<?xml version="1.0" encoding="UTF-8"?>
<!-- Generated by org.testng.reporters.JUnitReportReporter -->
<testsuite hostname="Rupakshi" failures="0" tests="1" name="testCases.Assign02" time="10.019" errors="0" timestamp="2020-03-10T02:02:17 CDT" skipped="0">
  <testcase classname="testCases.Assign02" name="fblogin" time="10.019"/>
</testsuite> <!-- testCases.Assign02 -->
