<?xml version="1.0" encoding="UTF-8"?>
<!-- Generated by org.testng.reporters.JUnitReportReporter -->
<testsuite hostname="Rupakshi" failures="0" tests="2" name="testCases.Stars" time="0.015" errors="0" timestamp="2020-03-09T02:39:20 CDT" skipped="0">
  <testcase classname="testCases.Stars" name="Triangle" time="0.015"/>
  <testcase classname="testCases.Stars" name="stars" time="0.000"/>
</testsuite> <!-- testCases.Stars -->
