<?xml version="1.0" encoding="UTF-8"?>
<!-- Generated by org.testng.reporters.JUnitReportReporter -->
<testsuite hostname="Rupakshi" failures="0" tests="1" name="Assign03" time="11.511" errors="0" timestamp="2020-03-03T12:09:40 CST" skipped="0">
  <testcase classname="Assign03" name="Flipkart" time="11.511"/>
</testsuite> <!-- Assign03 -->
