<?xml version="1.0" encoding="UTF-8"?>
<!-- Generated by org.testng.reporters.JUnitReportReporter -->
<testsuite hostname="Rupakshi" failures="0" tests="1" name="testCases.Assign04" time="20.206" errors="0" timestamp="2020-03-26T14:51:41 CDT" skipped="0">
  <testcase classname="testCases.Assign04" name="ebay" time="20.206"/>
</testsuite> <!-- testCases.Assign04 -->
