<?xml version="1.0" encoding="UTF-8"?>
<!-- Generated by org.testng.reporters.JUnitReportReporter -->
<testsuite hostname="Rupakshi" failures="0" tests="1" name="testCases.Assign02" time="8.280" errors="0" timestamp="2020-02-27T01:47:02 CST" skipped="0">
  <testcase classname="testCases.Assign02" name="fblogin" time="8.280"/>
</testsuite> <!-- testCases.Assign02 -->
