<?xml version="1.0" encoding="UTF-8"?>
<!-- Generated by org.testng.reporters.JUnitReportReporter -->
<testsuite hostname="Rupakshi" failures="0" tests="1" name="testCases.test" time="11.809" errors="0" timestamp="2020-03-12T14:03:12 CDT" skipped="0">
  <testcase classname="testCases.test" name="browserPath" time="11.809"/>
</testsuite> <!-- testCases.test -->
