<?xml version="1.0" encoding="UTF-8"?>
<!-- Generated by org.testng.reporters.JUnitReportReporter -->
<testsuite hostname="Rupakshi" failures="0" tests="1" name="testCases.Assign01" time="3.462" errors="0" timestamp="2020-02-26T15:42:14 CST" skipped="0">
  <testcase classname="testCases.Assign01" name="valiation" time="3.462"/>
</testsuite> <!-- testCases.Assign01 -->
